<?xml version="1.0" encoding="UTF-8"?>
<!-- Generated by org.testng.reporters.JUnitReportReporter -->
<testsuite skipped="0" hostname="DESKTOP-5K1OUF2" name="ExtentReportTest" tests="1" failures="0" timestamp="04 Dec 2019 19:05:03 GMT" time="0.609" errors="0">
  <testcase name="testApp" time="0.609" classname="ExtentReportTest"/>
</testsuite> <!-- ExtentReportTest -->
