<?xml version="1.0" encoding="UTF-8"?>
<!-- Generated by org.testng.reporters.JUnitReportReporter -->
<testsuite skipped="0" hostname="DESKTOP-5K1OUF2" name="AppTest" tests="1" failures="0" timestamp="04 Dec 2019 20:22:20 GMT" time="0.020" errors="0">
  <testcase name="testApp" time="0.020" classname="AppTest"/>
</testsuite> <!-- AppTest -->
