<?xml version="1.0" encoding="UTF-8"?>
<!-- Generated by org.testng.reporters.JUnitReportReporter -->
<testsuite skipped="0" hostname="DESKTOP-5K1OUF2" name="ExtentReportTest" tests="1" failures="0" timestamp="04 Dec 2019 23:07:50 GMT" time="1.259" errors="0">
  <testcase name="testApp" time="1.259" classname="ExtentReportTest"/>
</testsuite> <!-- ExtentReportTest -->
